Start testing: Jul 08 02:19 -03
----------------------------------------------------------
1/31 Testing: TestUnaryOps.Negation
1/31 Test: TestUnaryOps.Negation
Command: "/home/eric/tensor-library/build/tests" "--gtest_filter=TestUnaryOps.Negation" "--gtest_also_run_disabled_tests"
Directory: /home/eric/tensor-library/build
"TestUnaryOps.Negation" start time: Jul 08 02:19 -03
Output:
----------------------------------------------------------
Running main() from ./googletest/src/gtest_main.cc
Note: Google Test filter = TestUnaryOps.Negation
[==========] Running 1 test from 1 test suite.
[----------] Global test environment set-up.
[----------] 1 test from TestUnaryOps
[ RUN      ] TestUnaryOps.Negation
[       OK ] TestUnaryOps.Negation (0 ms)
[----------] 1 test from TestUnaryOps (0 ms total)

[----------] Global test environment tear-down
[==========] 1 test from 1 test suite ran. (0 ms total)
[  PASSED  ] 1 test.
<end of output>
Test time =   0.00 sec
----------------------------------------------------------
Test Passed.
"TestUnaryOps.Negation" end time: Jul 08 02:19 -03
"TestUnaryOps.Negation" time elapsed: 00:00:00
----------------------------------------------------------

2/31 Testing: TestUnaryOps.Log
2/31 Test: TestUnaryOps.Log
Command: "/home/eric/tensor-library/build/tests" "--gtest_filter=TestUnaryOps.Log" "--gtest_also_run_disabled_tests"
Directory: /home/eric/tensor-library/build
"TestUnaryOps.Log" start time: Jul 08 02:19 -03
Output:
----------------------------------------------------------
Running main() from ./googletest/src/gtest_main.cc
Note: Google Test filter = TestUnaryOps.Log
[==========] Running 1 test from 1 test suite.
[----------] Global test environment set-up.
[----------] 1 test from TestUnaryOps
[ RUN      ] TestUnaryOps.Log
[       OK ] TestUnaryOps.Log (0 ms)
[----------] 1 test from TestUnaryOps (0 ms total)

[----------] Global test environment tear-down
[==========] 1 test from 1 test suite ran. (0 ms total)
[  PASSED  ] 1 test.
<end of output>
Test time =   0.00 sec
----------------------------------------------------------
Test Passed.
"TestUnaryOps.Log" end time: Jul 08 02:19 -03
"TestUnaryOps.Log" time elapsed: 00:00:00
----------------------------------------------------------

3/31 Testing: TestUnaryOps.Exp
3/31 Test: TestUnaryOps.Exp
Command: "/home/eric/tensor-library/build/tests" "--gtest_filter=TestUnaryOps.Exp" "--gtest_also_run_disabled_tests"
Directory: /home/eric/tensor-library/build
"TestUnaryOps.Exp" start time: Jul 08 02:19 -03
Output:
----------------------------------------------------------
Running main() from ./googletest/src/gtest_main.cc
Note: Google Test filter = TestUnaryOps.Exp
[==========] Running 1 test from 1 test suite.
[----------] Global test environment set-up.
[----------] 1 test from TestUnaryOps
[ RUN      ] TestUnaryOps.Exp
[       OK ] TestUnaryOps.Exp (0 ms)
[----------] 1 test from TestUnaryOps (0 ms total)

[----------] Global test environment tear-down
[==========] 1 test from 1 test suite ran. (0 ms total)
[  PASSED  ] 1 test.
<end of output>
Test time =   0.00 sec
----------------------------------------------------------
Test Passed.
"TestUnaryOps.Exp" end time: Jul 08 02:19 -03
"TestUnaryOps.Exp" time elapsed: 00:00:00
----------------------------------------------------------

4/31 Testing: TestUnaryOps.Sqrt
4/31 Test: TestUnaryOps.Sqrt
Command: "/home/eric/tensor-library/build/tests" "--gtest_filter=TestUnaryOps.Sqrt" "--gtest_also_run_disabled_tests"
Directory: /home/eric/tensor-library/build
"TestUnaryOps.Sqrt" start time: Jul 08 02:19 -03
Output:
----------------------------------------------------------
Running main() from ./googletest/src/gtest_main.cc
Note: Google Test filter = TestUnaryOps.Sqrt
[==========] Running 1 test from 1 test suite.
[----------] Global test environment set-up.
[----------] 1 test from TestUnaryOps
[ RUN      ] TestUnaryOps.Sqrt
[       OK ] TestUnaryOps.Sqrt (0 ms)
[----------] 1 test from TestUnaryOps (0 ms total)

[----------] Global test environment tear-down
[==========] 1 test from 1 test suite ran. (0 ms total)
[  PASSED  ] 1 test.
<end of output>
Test time =   0.00 sec
----------------------------------------------------------
Test Passed.
"TestUnaryOps.Sqrt" end time: Jul 08 02:19 -03
"TestUnaryOps.Sqrt" time elapsed: 00:00:00
----------------------------------------------------------

5/31 Testing: TestUnaryOps.Abs
5/31 Test: TestUnaryOps.Abs
Command: "/home/eric/tensor-library/build/tests" "--gtest_filter=TestUnaryOps.Abs" "--gtest_also_run_disabled_tests"
Directory: /home/eric/tensor-library/build
"TestUnaryOps.Abs" start time: Jul 08 02:19 -03
Output:
----------------------------------------------------------
Running main() from ./googletest/src/gtest_main.cc
Note: Google Test filter = TestUnaryOps.Abs
[==========] Running 1 test from 1 test suite.
[----------] Global test environment set-up.
[----------] 1 test from TestUnaryOps
[ RUN      ] TestUnaryOps.Abs
[       OK ] TestUnaryOps.Abs (0 ms)
[----------] 1 test from TestUnaryOps (0 ms total)

[----------] Global test environment tear-down
[==========] 1 test from 1 test suite ran. (0 ms total)
[  PASSED  ] 1 test.
<end of output>
Test time =   0.00 sec
----------------------------------------------------------
Test Passed.
"TestUnaryOps.Abs" end time: Jul 08 02:19 -03
"TestUnaryOps.Abs" time elapsed: 00:00:00
----------------------------------------------------------

6/31 Testing: TestUnaryOps.Sin
6/31 Test: TestUnaryOps.Sin
Command: "/home/eric/tensor-library/build/tests" "--gtest_filter=TestUnaryOps.Sin" "--gtest_also_run_disabled_tests"
Directory: /home/eric/tensor-library/build
"TestUnaryOps.Sin" start time: Jul 08 02:19 -03
Output:
----------------------------------------------------------
Running main() from ./googletest/src/gtest_main.cc
Note: Google Test filter = TestUnaryOps.Sin
[==========] Running 1 test from 1 test suite.
[----------] Global test environment set-up.
[----------] 1 test from TestUnaryOps
[ RUN      ] TestUnaryOps.Sin
[       OK ] TestUnaryOps.Sin (0 ms)
[----------] 1 test from TestUnaryOps (0 ms total)

[----------] Global test environment tear-down
[==========] 1 test from 1 test suite ran. (0 ms total)
[  PASSED  ] 1 test.
<end of output>
Test time =   0.00 sec
----------------------------------------------------------
Test Passed.
"TestUnaryOps.Sin" end time: Jul 08 02:19 -03
"TestUnaryOps.Sin" time elapsed: 00:00:00
----------------------------------------------------------

7/31 Testing: TestUnaryOps.Cos
7/31 Test: TestUnaryOps.Cos
Command: "/home/eric/tensor-library/build/tests" "--gtest_filter=TestUnaryOps.Cos" "--gtest_also_run_disabled_tests"
Directory: /home/eric/tensor-library/build
"TestUnaryOps.Cos" start time: Jul 08 02:19 -03
Output:
----------------------------------------------------------
Running main() from ./googletest/src/gtest_main.cc
Note: Google Test filter = TestUnaryOps.Cos
[==========] Running 1 test from 1 test suite.
[----------] Global test environment set-up.
[----------] 1 test from TestUnaryOps
[ RUN      ] TestUnaryOps.Cos
[       OK ] TestUnaryOps.Cos (0 ms)
[----------] 1 test from TestUnaryOps (0 ms total)

[----------] Global test environment tear-down
[==========] 1 test from 1 test suite ran. (0 ms total)
[  PASSED  ] 1 test.
<end of output>
Test time =   0.00 sec
----------------------------------------------------------
Test Passed.
"TestUnaryOps.Cos" end time: Jul 08 02:19 -03
"TestUnaryOps.Cos" time elapsed: 00:00:00
----------------------------------------------------------

8/31 Testing: TestUnaryOps.Tan
8/31 Test: TestUnaryOps.Tan
Command: "/home/eric/tensor-library/build/tests" "--gtest_filter=TestUnaryOps.Tan" "--gtest_also_run_disabled_tests"
Directory: /home/eric/tensor-library/build
"TestUnaryOps.Tan" start time: Jul 08 02:19 -03
Output:
----------------------------------------------------------
Running main() from ./googletest/src/gtest_main.cc
Note: Google Test filter = TestUnaryOps.Tan
[==========] Running 1 test from 1 test suite.
[----------] Global test environment set-up.
[----------] 1 test from TestUnaryOps
[ RUN      ] TestUnaryOps.Tan
[       OK ] TestUnaryOps.Tan (0 ms)
[----------] 1 test from TestUnaryOps (0 ms total)

[----------] Global test environment tear-down
[==========] 1 test from 1 test suite ran. (0 ms total)
[  PASSED  ] 1 test.
<end of output>
Test time =   0.00 sec
----------------------------------------------------------
Test Passed.
"TestUnaryOps.Tan" end time: Jul 08 02:19 -03
"TestUnaryOps.Tan" time elapsed: 00:00:00
----------------------------------------------------------

9/31 Testing: TestUnaryOps.Sinh
9/31 Test: TestUnaryOps.Sinh
Command: "/home/eric/tensor-library/build/tests" "--gtest_filter=TestUnaryOps.Sinh" "--gtest_also_run_disabled_tests"
Directory: /home/eric/tensor-library/build
"TestUnaryOps.Sinh" start time: Jul 08 02:19 -03
Output:
----------------------------------------------------------
Running main() from ./googletest/src/gtest_main.cc
Note: Google Test filter = TestUnaryOps.Sinh
[==========] Running 1 test from 1 test suite.
[----------] Global test environment set-up.
[----------] 1 test from TestUnaryOps
[ RUN      ] TestUnaryOps.Sinh
[       OK ] TestUnaryOps.Sinh (0 ms)
[----------] 1 test from TestUnaryOps (0 ms total)

[----------] Global test environment tear-down
[==========] 1 test from 1 test suite ran. (0 ms total)
[  PASSED  ] 1 test.
<end of output>
Test time =   0.00 sec
----------------------------------------------------------
Test Passed.
"TestUnaryOps.Sinh" end time: Jul 08 02:19 -03
"TestUnaryOps.Sinh" time elapsed: 00:00:00
----------------------------------------------------------

10/31 Testing: TestUnaryOps.Cosh
10/31 Test: TestUnaryOps.Cosh
Command: "/home/eric/tensor-library/build/tests" "--gtest_filter=TestUnaryOps.Cosh" "--gtest_also_run_disabled_tests"
Directory: /home/eric/tensor-library/build
"TestUnaryOps.Cosh" start time: Jul 08 02:19 -03
Output:
----------------------------------------------------------
Running main() from ./googletest/src/gtest_main.cc
Note: Google Test filter = TestUnaryOps.Cosh
[==========] Running 1 test from 1 test suite.
[----------] Global test environment set-up.
[----------] 1 test from TestUnaryOps
[ RUN      ] TestUnaryOps.Cosh
[       OK ] TestUnaryOps.Cosh (0 ms)
[----------] 1 test from TestUnaryOps (0 ms total)

[----------] Global test environment tear-down
[==========] 1 test from 1 test suite ran. (0 ms total)
[  PASSED  ] 1 test.
<end of output>
Test time =   0.00 sec
----------------------------------------------------------
Test Passed.
"TestUnaryOps.Cosh" end time: Jul 08 02:19 -03
"TestUnaryOps.Cosh" time elapsed: 00:00:00
----------------------------------------------------------

11/31 Testing: TestUnaryOps.Tanh
11/31 Test: TestUnaryOps.Tanh
Command: "/home/eric/tensor-library/build/tests" "--gtest_filter=TestUnaryOps.Tanh" "--gtest_also_run_disabled_tests"
Directory: /home/eric/tensor-library/build
"TestUnaryOps.Tanh" start time: Jul 08 02:19 -03
Output:
----------------------------------------------------------
Running main() from ./googletest/src/gtest_main.cc
Note: Google Test filter = TestUnaryOps.Tanh
[==========] Running 1 test from 1 test suite.
[----------] Global test environment set-up.
[----------] 1 test from TestUnaryOps
[ RUN      ] TestUnaryOps.Tanh
[       OK ] TestUnaryOps.Tanh (0 ms)
[----------] 1 test from TestUnaryOps (0 ms total)

[----------] Global test environment tear-down
[==========] 1 test from 1 test suite ran. (0 ms total)
[  PASSED  ] 1 test.
<end of output>
Test time =   0.00 sec
----------------------------------------------------------
Test Passed.
"TestUnaryOps.Tanh" end time: Jul 08 02:19 -03
"TestUnaryOps.Tanh" time elapsed: 00:00:00
----------------------------------------------------------

12/31 Testing: MatmulTests.Basic
12/31 Test: MatmulTests.Basic
Command: "/home/eric/tensor-library/build/tests" "--gtest_filter=MatmulTests.Basic" "--gtest_also_run_disabled_tests"
Directory: /home/eric/tensor-library/build
"MatmulTests.Basic" start time: Jul 08 02:19 -03
Output:
----------------------------------------------------------
Running main() from ./googletest/src/gtest_main.cc
Note: Google Test filter = MatmulTests.Basic
[==========] Running 1 test from 1 test suite.
[----------] Global test environment set-up.
[----------] 1 test from MatmulTests
[ RUN      ] MatmulTests.Basic
[       OK ] MatmulTests.Basic (0 ms)
[----------] 1 test from MatmulTests (0 ms total)

[----------] Global test environment tear-down
[==========] 1 test from 1 test suite ran. (0 ms total)
[  PASSED  ] 1 test.
<end of output>
Test time =   0.00 sec
----------------------------------------------------------
Test Passed.
"MatmulTests.Basic" end time: Jul 08 02:19 -03
"MatmulTests.Basic" time elapsed: 00:00:00
----------------------------------------------------------

13/31 Testing: MatmulTests.FirstTransposed
13/31 Test: MatmulTests.FirstTransposed
Command: "/home/eric/tensor-library/build/tests" "--gtest_filter=MatmulTests.FirstTransposed" "--gtest_also_run_disabled_tests"
Directory: /home/eric/tensor-library/build
"MatmulTests.FirstTransposed" start time: Jul 08 02:19 -03
Output:
----------------------------------------------------------
Running main() from ./googletest/src/gtest_main.cc
Note: Google Test filter = MatmulTests.FirstTransposed
[==========] Running 1 test from 1 test suite.
[----------] Global test environment set-up.
[----------] 1 test from MatmulTests
[ RUN      ] MatmulTests.FirstTransposed
[       OK ] MatmulTests.FirstTransposed (0 ms)
[----------] 1 test from MatmulTests (0 ms total)

[----------] Global test environment tear-down
[==========] 1 test from 1 test suite ran. (0 ms total)
[  PASSED  ] 1 test.
<end of output>
Test time =   0.00 sec
----------------------------------------------------------
Test Passed.
"MatmulTests.FirstTransposed" end time: Jul 08 02:19 -03
"MatmulTests.FirstTransposed" time elapsed: 00:00:00
----------------------------------------------------------

14/31 Testing: MatmulTests.SecondTransposed
14/31 Test: MatmulTests.SecondTransposed
Command: "/home/eric/tensor-library/build/tests" "--gtest_filter=MatmulTests.SecondTransposed" "--gtest_also_run_disabled_tests"
Directory: /home/eric/tensor-library/build
"MatmulTests.SecondTransposed" start time: Jul 08 02:19 -03
Output:
----------------------------------------------------------
Running main() from ./googletest/src/gtest_main.cc
Note: Google Test filter = MatmulTests.SecondTransposed
[==========] Running 1 test from 1 test suite.
[----------] Global test environment set-up.
[----------] 1 test from MatmulTests
[ RUN      ] MatmulTests.SecondTransposed
[       OK ] MatmulTests.SecondTransposed (0 ms)
[----------] 1 test from MatmulTests (0 ms total)

[----------] Global test environment tear-down
[==========] 1 test from 1 test suite ran. (0 ms total)
[  PASSED  ] 1 test.
<end of output>
Test time =   0.00 sec
----------------------------------------------------------
Test Passed.
"MatmulTests.SecondTransposed" end time: Jul 08 02:19 -03
"MatmulTests.SecondTransposed" time elapsed: 00:00:00
----------------------------------------------------------

15/31 Testing: MatmulTests.BothTransposed
15/31 Test: MatmulTests.BothTransposed
Command: "/home/eric/tensor-library/build/tests" "--gtest_filter=MatmulTests.BothTransposed" "--gtest_also_run_disabled_tests"
Directory: /home/eric/tensor-library/build
"MatmulTests.BothTransposed" start time: Jul 08 02:19 -03
Output:
----------------------------------------------------------
Running main() from ./googletest/src/gtest_main.cc
Note: Google Test filter = MatmulTests.BothTransposed
[==========] Running 1 test from 1 test suite.
[----------] Global test environment set-up.
[----------] 1 test from MatmulTests
[ RUN      ] MatmulTests.BothTransposed
[       OK ] MatmulTests.BothTransposed (0 ms)
[----------] 1 test from MatmulTests (0 ms total)

[----------] Global test environment tear-down
[==========] 1 test from 1 test suite ran. (0 ms total)
[  PASSED  ] 1 test.
<end of output>
Test time =   0.00 sec
----------------------------------------------------------
Test Passed.
"MatmulTests.BothTransposed" end time: Jul 08 02:19 -03
"MatmulTests.BothTransposed" time elapsed: 00:00:00
----------------------------------------------------------

16/31 Testing: MatmulTests.Batched
16/31 Test: MatmulTests.Batched
Command: "/home/eric/tensor-library/build/tests" "--gtest_filter=MatmulTests.Batched" "--gtest_also_run_disabled_tests"
Directory: /home/eric/tensor-library/build
"MatmulTests.Batched" start time: Jul 08 02:19 -03
Output:
----------------------------------------------------------
Running main() from ./googletest/src/gtest_main.cc
Note: Google Test filter = MatmulTests.Batched
[==========] Running 1 test from 1 test suite.
[----------] Global test environment set-up.
[----------] 1 test from MatmulTests
[ RUN      ] MatmulTests.Batched
[       OK ] MatmulTests.Batched (0 ms)
[----------] 1 test from MatmulTests (0 ms total)

[----------] Global test environment tear-down
[==========] 1 test from 1 test suite ran. (0 ms total)
[  PASSED  ] 1 test.
<end of output>
Test time =   0.00 sec
----------------------------------------------------------
Test Passed.
"MatmulTests.Batched" end time: Jul 08 02:19 -03
"MatmulTests.Batched" time elapsed: 00:00:00
----------------------------------------------------------

17/31 Testing: MatmulTests.Rank4_SecondTransposed
17/31 Test: MatmulTests.Rank4_SecondTransposed
Command: "/home/eric/tensor-library/build/tests" "--gtest_filter=MatmulTests.Rank4_SecondTransposed" "--gtest_also_run_disabled_tests"
Directory: /home/eric/tensor-library/build
"MatmulTests.Rank4_SecondTransposed" start time: Jul 08 02:19 -03
Output:
----------------------------------------------------------
Running main() from ./googletest/src/gtest_main.cc
Note: Google Test filter = MatmulTests.Rank4_SecondTransposed
[==========] Running 1 test from 1 test suite.
[----------] Global test environment set-up.
[----------] 1 test from MatmulTests
[ RUN      ] MatmulTests.Rank4_SecondTransposed
[       OK ] MatmulTests.Rank4_SecondTransposed (0 ms)
[----------] 1 test from MatmulTests (0 ms total)

[----------] Global test environment tear-down
[==========] 1 test from 1 test suite ran. (0 ms total)
[  PASSED  ] 1 test.
<end of output>
Test time =   0.00 sec
----------------------------------------------------------
Test Passed.
"MatmulTests.Rank4_SecondTransposed" end time: Jul 08 02:19 -03
"MatmulTests.Rank4_SecondTransposed" time elapsed: 00:00:00
----------------------------------------------------------

18/31 Testing: TestBinaryOps.Addition
18/31 Test: TestBinaryOps.Addition
Command: "/home/eric/tensor-library/build/tests" "--gtest_filter=TestBinaryOps.Addition" "--gtest_also_run_disabled_tests"
Directory: /home/eric/tensor-library/build
"TestBinaryOps.Addition" start time: Jul 08 02:19 -03
Output:
----------------------------------------------------------
Running main() from ./googletest/src/gtest_main.cc
Note: Google Test filter = TestBinaryOps.Addition
[==========] Running 1 test from 1 test suite.
[----------] Global test environment set-up.
[----------] 1 test from TestBinaryOps
[ RUN      ] TestBinaryOps.Addition
[       OK ] TestBinaryOps.Addition (0 ms)
[----------] 1 test from TestBinaryOps (0 ms total)

[----------] Global test environment tear-down
[==========] 1 test from 1 test suite ran. (0 ms total)
[  PASSED  ] 1 test.
<end of output>
Test time =   0.00 sec
----------------------------------------------------------
Test Passed.
"TestBinaryOps.Addition" end time: Jul 08 02:19 -03
"TestBinaryOps.Addition" time elapsed: 00:00:00
----------------------------------------------------------

19/31 Testing: TestBinaryOps.Multiplication
19/31 Test: TestBinaryOps.Multiplication
Command: "/home/eric/tensor-library/build/tests" "--gtest_filter=TestBinaryOps.Multiplication" "--gtest_also_run_disabled_tests"
Directory: /home/eric/tensor-library/build
"TestBinaryOps.Multiplication" start time: Jul 08 02:19 -03
Output:
----------------------------------------------------------
Running main() from ./googletest/src/gtest_main.cc
Note: Google Test filter = TestBinaryOps.Multiplication
[==========] Running 1 test from 1 test suite.
[----------] Global test environment set-up.
[----------] 1 test from TestBinaryOps
[ RUN      ] TestBinaryOps.Multiplication
[       OK ] TestBinaryOps.Multiplication (0 ms)
[----------] 1 test from TestBinaryOps (0 ms total)

[----------] Global test environment tear-down
[==========] 1 test from 1 test suite ran. (0 ms total)
[  PASSED  ] 1 test.
<end of output>
Test time =   0.00 sec
----------------------------------------------------------
Test Passed.
"TestBinaryOps.Multiplication" end time: Jul 08 02:19 -03
"TestBinaryOps.Multiplication" time elapsed: 00:00:00
----------------------------------------------------------

20/31 Testing: TestBinaryOps.Subtraction
20/31 Test: TestBinaryOps.Subtraction
Command: "/home/eric/tensor-library/build/tests" "--gtest_filter=TestBinaryOps.Subtraction" "--gtest_also_run_disabled_tests"
Directory: /home/eric/tensor-library/build
"TestBinaryOps.Subtraction" start time: Jul 08 02:19 -03
Output:
----------------------------------------------------------
Running main() from ./googletest/src/gtest_main.cc
Note: Google Test filter = TestBinaryOps.Subtraction
[==========] Running 1 test from 1 test suite.
[----------] Global test environment set-up.
[----------] 1 test from TestBinaryOps
[ RUN      ] TestBinaryOps.Subtraction
[       OK ] TestBinaryOps.Subtraction (0 ms)
[----------] 1 test from TestBinaryOps (0 ms total)

[----------] Global test environment tear-down
[==========] 1 test from 1 test suite ran. (0 ms total)
[  PASSED  ] 1 test.
<end of output>
Test time =   0.00 sec
----------------------------------------------------------
Test Passed.
"TestBinaryOps.Subtraction" end time: Jul 08 02:19 -03
"TestBinaryOps.Subtraction" time elapsed: 00:00:00
----------------------------------------------------------

21/31 Testing: TestUnaryOpsCuda.Negation
21/31 Test: TestUnaryOpsCuda.Negation
Command: "/home/eric/tensor-library/build/tests" "--gtest_filter=TestUnaryOpsCuda.Negation" "--gtest_also_run_disabled_tests"
Directory: /home/eric/tensor-library/build
"TestUnaryOpsCuda.Negation" start time: Jul 08 02:19 -03
Output:
----------------------------------------------------------
Running main() from ./googletest/src/gtest_main.cc
Note: Google Test filter = TestUnaryOpsCuda.Negation
[==========] Running 1 test from 1 test suite.
[----------] Global test environment set-up.
[----------] 1 test from TestUnaryOpsCuda
[ RUN      ] TestUnaryOpsCuda.Negation
[       OK ] TestUnaryOpsCuda.Negation (1881 ms)
[----------] 1 test from TestUnaryOpsCuda (1881 ms total)

[----------] Global test environment tear-down
[==========] 1 test from 1 test suite ran. (1881 ms total)
[  PASSED  ] 1 test.
<end of output>
Test time =   1.99 sec
----------------------------------------------------------
Test Passed.
"TestUnaryOpsCuda.Negation" end time: Jul 08 02:19 -03
"TestUnaryOpsCuda.Negation" time elapsed: 00:00:01
----------------------------------------------------------

22/31 Testing: TestUnaryOpsCuda.Log
22/31 Test: TestUnaryOpsCuda.Log
Command: "/home/eric/tensor-library/build/tests" "--gtest_filter=TestUnaryOpsCuda.Log" "--gtest_also_run_disabled_tests"
Directory: /home/eric/tensor-library/build
"TestUnaryOpsCuda.Log" start time: Jul 08 02:19 -03
Output:
----------------------------------------------------------
Running main() from ./googletest/src/gtest_main.cc
Note: Google Test filter = TestUnaryOpsCuda.Log
[==========] Running 1 test from 1 test suite.
[----------] Global test environment set-up.
[----------] 1 test from TestUnaryOpsCuda
[ RUN      ] TestUnaryOpsCuda.Log
[       OK ] TestUnaryOpsCuda.Log (184 ms)
[----------] 1 test from TestUnaryOpsCuda (184 ms total)

[----------] Global test environment tear-down
[==========] 1 test from 1 test suite ran. (184 ms total)
[  PASSED  ] 1 test.
<end of output>
Test time =   0.28 sec
----------------------------------------------------------
Test Passed.
"TestUnaryOpsCuda.Log" end time: Jul 08 02:19 -03
"TestUnaryOpsCuda.Log" time elapsed: 00:00:00
----------------------------------------------------------

23/31 Testing: TestUnaryOpsCuda.Exp
23/31 Test: TestUnaryOpsCuda.Exp
Command: "/home/eric/tensor-library/build/tests" "--gtest_filter=TestUnaryOpsCuda.Exp" "--gtest_also_run_disabled_tests"
Directory: /home/eric/tensor-library/build
"TestUnaryOpsCuda.Exp" start time: Jul 08 02:19 -03
Output:
----------------------------------------------------------
Running main() from ./googletest/src/gtest_main.cc
Note: Google Test filter = TestUnaryOpsCuda.Exp
[==========] Running 1 test from 1 test suite.
[----------] Global test environment set-up.
[----------] 1 test from TestUnaryOpsCuda
[ RUN      ] TestUnaryOpsCuda.Exp
[       OK ] TestUnaryOpsCuda.Exp (200 ms)
[----------] 1 test from TestUnaryOpsCuda (200 ms total)

[----------] Global test environment tear-down
[==========] 1 test from 1 test suite ran. (200 ms total)
[  PASSED  ] 1 test.
<end of output>
Test time =   0.32 sec
----------------------------------------------------------
Test Passed.
"TestUnaryOpsCuda.Exp" end time: Jul 08 02:19 -03
"TestUnaryOpsCuda.Exp" time elapsed: 00:00:00
----------------------------------------------------------

24/31 Testing: TestUnaryOpsCuda.Sqrt
24/31 Test: TestUnaryOpsCuda.Sqrt
Command: "/home/eric/tensor-library/build/tests" "--gtest_filter=TestUnaryOpsCuda.Sqrt" "--gtest_also_run_disabled_tests"
Directory: /home/eric/tensor-library/build
"TestUnaryOpsCuda.Sqrt" start time: Jul 08 02:19 -03
Output:
----------------------------------------------------------
Running main() from ./googletest/src/gtest_main.cc
Note: Google Test filter = TestUnaryOpsCuda.Sqrt
[==========] Running 1 test from 1 test suite.
[----------] Global test environment set-up.
[----------] 1 test from TestUnaryOpsCuda
[ RUN      ] TestUnaryOpsCuda.Sqrt
[       OK ] TestUnaryOpsCuda.Sqrt (200 ms)
[----------] 1 test from TestUnaryOpsCuda (200 ms total)

[----------] Global test environment tear-down
[==========] 1 test from 1 test suite ran. (201 ms total)
[  PASSED  ] 1 test.
<end of output>
Test time =   0.32 sec
----------------------------------------------------------
Test Passed.
"TestUnaryOpsCuda.Sqrt" end time: Jul 08 02:19 -03
"TestUnaryOpsCuda.Sqrt" time elapsed: 00:00:00
----------------------------------------------------------

25/31 Testing: TestUnaryOpsCuda.Abs
25/31 Test: TestUnaryOpsCuda.Abs
Command: "/home/eric/tensor-library/build/tests" "--gtest_filter=TestUnaryOpsCuda.Abs" "--gtest_also_run_disabled_tests"
Directory: /home/eric/tensor-library/build
"TestUnaryOpsCuda.Abs" start time: Jul 08 02:19 -03
Output:
----------------------------------------------------------
Running main() from ./googletest/src/gtest_main.cc
Note: Google Test filter = TestUnaryOpsCuda.Abs
[==========] Running 1 test from 1 test suite.
[----------] Global test environment set-up.
[----------] 1 test from TestUnaryOpsCuda
[ RUN      ] TestUnaryOpsCuda.Abs
[       OK ] TestUnaryOpsCuda.Abs (199 ms)
[----------] 1 test from TestUnaryOpsCuda (199 ms total)

[----------] Global test environment tear-down
[==========] 1 test from 1 test suite ran. (199 ms total)
[  PASSED  ] 1 test.
<end of output>
Test time =   0.33 sec
----------------------------------------------------------
Test Passed.
"TestUnaryOpsCuda.Abs" end time: Jul 08 02:19 -03
"TestUnaryOpsCuda.Abs" time elapsed: 00:00:00
----------------------------------------------------------

26/31 Testing: TestUnaryOpsCuda.Sin
26/31 Test: TestUnaryOpsCuda.Sin
Command: "/home/eric/tensor-library/build/tests" "--gtest_filter=TestUnaryOpsCuda.Sin" "--gtest_also_run_disabled_tests"
Directory: /home/eric/tensor-library/build
"TestUnaryOpsCuda.Sin" start time: Jul 08 02:19 -03
Output:
----------------------------------------------------------
Running main() from ./googletest/src/gtest_main.cc
Note: Google Test filter = TestUnaryOpsCuda.Sin
[==========] Running 1 test from 1 test suite.
[----------] Global test environment set-up.
[----------] 1 test from TestUnaryOpsCuda
[ RUN      ] TestUnaryOpsCuda.Sin
[       OK ] TestUnaryOpsCuda.Sin (225 ms)
[----------] 1 test from TestUnaryOpsCuda (225 ms total)

[----------] Global test environment tear-down
[==========] 1 test from 1 test suite ran. (225 ms total)
[  PASSED  ] 1 test.
<end of output>
Test time =   0.36 sec
----------------------------------------------------------
Test Passed.
"TestUnaryOpsCuda.Sin" end time: Jul 08 02:19 -03
"TestUnaryOpsCuda.Sin" time elapsed: 00:00:00
----------------------------------------------------------

27/31 Testing: TestUnaryOpsCuda.Cos
27/31 Test: TestUnaryOpsCuda.Cos
Command: "/home/eric/tensor-library/build/tests" "--gtest_filter=TestUnaryOpsCuda.Cos" "--gtest_also_run_disabled_tests"
Directory: /home/eric/tensor-library/build
"TestUnaryOpsCuda.Cos" start time: Jul 08 02:19 -03
Output:
----------------------------------------------------------
Running main() from ./googletest/src/gtest_main.cc
Note: Google Test filter = TestUnaryOpsCuda.Cos
[==========] Running 1 test from 1 test suite.
[----------] Global test environment set-up.
[----------] 1 test from TestUnaryOpsCuda
[ RUN      ] TestUnaryOpsCuda.Cos
[       OK ] TestUnaryOpsCuda.Cos (218 ms)
[----------] 1 test from TestUnaryOpsCuda (218 ms total)

[----------] Global test environment tear-down
[==========] 1 test from 1 test suite ran. (218 ms total)
[  PASSED  ] 1 test.
<end of output>
Test time =   0.34 sec
----------------------------------------------------------
Test Passed.
"TestUnaryOpsCuda.Cos" end time: Jul 08 02:19 -03
"TestUnaryOpsCuda.Cos" time elapsed: 00:00:00
----------------------------------------------------------

28/31 Testing: TestUnaryOpsCuda.Tan
28/31 Test: TestUnaryOpsCuda.Tan
Command: "/home/eric/tensor-library/build/tests" "--gtest_filter=TestUnaryOpsCuda.Tan" "--gtest_also_run_disabled_tests"
Directory: /home/eric/tensor-library/build
"TestUnaryOpsCuda.Tan" start time: Jul 08 02:19 -03
Output:
----------------------------------------------------------
Running main() from ./googletest/src/gtest_main.cc
Note: Google Test filter = TestUnaryOpsCuda.Tan
[==========] Running 1 test from 1 test suite.
[----------] Global test environment set-up.
[----------] 1 test from TestUnaryOpsCuda
[ RUN      ] TestUnaryOpsCuda.Tan
[       OK ] TestUnaryOpsCuda.Tan (213 ms)
[----------] 1 test from TestUnaryOpsCuda (213 ms total)

[----------] Global test environment tear-down
[==========] 1 test from 1 test suite ran. (213 ms total)
[  PASSED  ] 1 test.
<end of output>
Test time =   0.34 sec
----------------------------------------------------------
Test Passed.
"TestUnaryOpsCuda.Tan" end time: Jul 08 02:19 -03
"TestUnaryOpsCuda.Tan" time elapsed: 00:00:00
----------------------------------------------------------

29/31 Testing: TestUnaryOpsCuda.Sinh
29/31 Test: TestUnaryOpsCuda.Sinh
Command: "/home/eric/tensor-library/build/tests" "--gtest_filter=TestUnaryOpsCuda.Sinh" "--gtest_also_run_disabled_tests"
Directory: /home/eric/tensor-library/build
"TestUnaryOpsCuda.Sinh" start time: Jul 08 02:19 -03
Output:
----------------------------------------------------------
Running main() from ./googletest/src/gtest_main.cc
Note: Google Test filter = TestUnaryOpsCuda.Sinh
[==========] Running 1 test from 1 test suite.
[----------] Global test environment set-up.
[----------] 1 test from TestUnaryOpsCuda
[ RUN      ] TestUnaryOpsCuda.Sinh
[       OK ] TestUnaryOpsCuda.Sinh (193 ms)
[----------] 1 test from TestUnaryOpsCuda (193 ms total)

[----------] Global test environment tear-down
[==========] 1 test from 1 test suite ran. (193 ms total)
[  PASSED  ] 1 test.
<end of output>
Test time =   0.32 sec
----------------------------------------------------------
Test Passed.
"TestUnaryOpsCuda.Sinh" end time: Jul 08 02:19 -03
"TestUnaryOpsCuda.Sinh" time elapsed: 00:00:00
----------------------------------------------------------

30/31 Testing: TestUnaryOpsCuda.Cosh
30/31 Test: TestUnaryOpsCuda.Cosh
Command: "/home/eric/tensor-library/build/tests" "--gtest_filter=TestUnaryOpsCuda.Cosh" "--gtest_also_run_disabled_tests"
Directory: /home/eric/tensor-library/build
"TestUnaryOpsCuda.Cosh" start time: Jul 08 02:19 -03
Output:
----------------------------------------------------------
Running main() from ./googletest/src/gtest_main.cc
Note: Google Test filter = TestUnaryOpsCuda.Cosh
[==========] Running 1 test from 1 test suite.
[----------] Global test environment set-up.
[----------] 1 test from TestUnaryOpsCuda
[ RUN      ] TestUnaryOpsCuda.Cosh
[       OK ] TestUnaryOpsCuda.Cosh (223 ms)
[----------] 1 test from TestUnaryOpsCuda (223 ms total)

[----------] Global test environment tear-down
[==========] 1 test from 1 test suite ran. (223 ms total)
[  PASSED  ] 1 test.
<end of output>
Test time =   0.34 sec
----------------------------------------------------------
Test Passed.
"TestUnaryOpsCuda.Cosh" end time: Jul 08 02:19 -03
"TestUnaryOpsCuda.Cosh" time elapsed: 00:00:00
----------------------------------------------------------

31/31 Testing: TestUnaryOpsCuda.Tanh
31/31 Test: TestUnaryOpsCuda.Tanh
Command: "/home/eric/tensor-library/build/tests" "--gtest_filter=TestUnaryOpsCuda.Tanh" "--gtest_also_run_disabled_tests"
Directory: /home/eric/tensor-library/build
"TestUnaryOpsCuda.Tanh" start time: Jul 08 02:19 -03
Output:
----------------------------------------------------------
Running main() from ./googletest/src/gtest_main.cc
Note: Google Test filter = TestUnaryOpsCuda.Tanh
[==========] Running 1 test from 1 test suite.
[----------] Global test environment set-up.
[----------] 1 test from TestUnaryOpsCuda
[ RUN      ] TestUnaryOpsCuda.Tanh
[       OK ] TestUnaryOpsCuda.Tanh (209 ms)
[----------] 1 test from TestUnaryOpsCuda (209 ms total)

[----------] Global test environment tear-down
[==========] 1 test from 1 test suite ran. (209 ms total)
[  PASSED  ] 1 test.
<end of output>
Test time =   0.34 sec
----------------------------------------------------------
Test Passed.
"TestUnaryOpsCuda.Tanh" end time: Jul 08 02:19 -03
"TestUnaryOpsCuda.Tanh" time elapsed: 00:00:00
----------------------------------------------------------

End testing: Jul 08 02:19 -03
